<?xml version="1.0" encoding="UTF-8"?>
<!-- Generated by org.testng.reporters.JUnitReportReporter -->
<testsuite hostname="LAPTOP-KG4G2VU7" failures="0" tests="16" name="TestCases.SauceDemoAutomationTestCases" time="77.778" errors="1" timestamp="2024-01-15T17:41:29 IST" skipped="0">
  <testcase classname="TestCases.SauceDemoAutomationTestCases" name="test" time="2.771"/>
  <testcase classname="TestCases.SauceDemoAutomationTestCases" name="VerifyLoginWithValidData" time="3.896"/>
  <testcase classname="TestCases.SauceDemoAutomationTestCases" name="VerifyLoginWithInValidData" time="3.820"/>
  <testcase classname="TestCases.SauceDemoAutomationTestCases" name="LogoutUser" time="3.109"/>
  <testcase classname="TestCases.SauceDemoAutomationTestCases" name="Add_To_Cart" time="3.367"/>
  <testcase classname="TestCases.SauceDemoAutomationTestCases" name="removeProduct_InCartPage" time="3.902"/>
  <testcase classname="TestCases.SauceDemoAutomationTestCases" name="VerifyProductPgFooter_NavigatedTotwitter" time="10.130"/>
  <testcase classname="TestCases.SauceDemoAutomationTestCases" name="VerifyProductPgFooter_NavigatedToFacebook" time="8.456"/>
  <testcase classname="TestCases.SauceDemoAutomationTestCases" name="VerifyProductPgFooter_NavigatedToLinkedin" time="8.087"/>
  <testcase classname="TestCases.SauceDemoAutomationTestCases" name="CheckOutInformationPage" time="3.692"/>
  <testcase classname="TestCases.SauceDemoAutomationTestCases" name="placeOrder_withoutCheckoutInformation" time="3.986"/>
  <testcase classname="TestCases.SauceDemoAutomationTestCases" name="placeOrder_withFirstNameCheckoutInformation" time="3.689"/>
  <testcase classname="TestCases.SauceDemoAutomationTestCases" name="placeOrder_withOutZipCodeCheckoutInformation" time="3.457"/>
  <testcase classname="TestCases.SauceDemoAutomationTestCases" name="placeOrder_withOutLastNameCheckoutInformation" time="5.212"/>
  <testcase classname="TestCases.SauceDemoAutomationTestCases" name="productDetailsPage" time="3.158"/>
  <testcase classname="TestCases.SauceDemoAutomationTestCases" name="verifyAboutPage" time="7.046">
    <error message="Cannot invoke &quot;org.openqa.selenium.WebElement.isDisplayed()&quot; because &quot;this.AboutPg&quot; is null" type="java.lang.NullPointerException">
      <![CDATA[java.lang.NullPointerException: Cannot invoke "org.openqa.selenium.WebElement.isDisplayed()" because "this.AboutPg" is null
at TestCases.SauceDemoAutomationTestCases.verifyAboutPage(SauceDemoAutomationTestCases.java:319)
at java.base/jdk.internal.reflect.DirectMethodHandleAccessor.invoke(DirectMethodHandleAccessor.java:104)
at java.base/java.lang.reflect.Method.invoke(Method.java:578)
at org.testng.internal.invokers.MethodInvocationHelper.invokeMethod(MethodInvocationHelper.java:139)
at org.testng.internal.invokers.TestInvoker.invokeMethod(TestInvoker.java:664)
at org.testng.internal.invokers.TestInvoker.invokeTestMethod(TestInvoker.java:227)
at org.testng.internal.invokers.MethodRunner.runInSequence(MethodRunner.java:50)
at org.testng.internal.invokers.TestInvoker$MethodInvocationAgent.invoke(TestInvoker.java:957)
at org.testng.internal.invokers.TestInvoker.invokeTestMethods(TestInvoker.java:200)
at org.testng.internal.invokers.TestMethodWorker.invokeTestMethods(TestMethodWorker.java:148)
at org.testng.internal.invokers.TestMethodWorker.run(TestMethodWorker.java:128)
at java.base/java.util.ArrayList.forEach(ArrayList.java:1511)
at org.testng.TestRunner.privateRun(TestRunner.java:848)
at org.testng.TestRunner.run(TestRunner.java:621)
at org.testng.SuiteRunner.runTest(SuiteRunner.java:443)
at org.testng.SuiteRunner.runSequentially(SuiteRunner.java:437)
at org.testng.SuiteRunner.privateRun(SuiteRunner.java:397)
at org.testng.SuiteRunner.run(SuiteRunner.java:336)
at org.testng.SuiteRunnerWorker.runSuite(SuiteRunnerWorker.java:52)
at org.testng.SuiteRunnerWorker.run(SuiteRunnerWorker.java:95)
at org.testng.TestNG.runSuitesSequentially(TestNG.java:1280)
at org.testng.TestNG.runSuitesLocally(TestNG.java:1200)
at org.testng.TestNG.runSuites(TestNG.java:1114)
at org.testng.TestNG.run(TestNG.java:1082)
at org.testng.remote.AbstractRemoteTestNG.run(AbstractRemoteTestNG.java:115)
at org.testng.remote.RemoteTestNG.initAndRun(RemoteTestNG.java:251)
at org.testng.remote.RemoteTestNG.main(RemoteTestNG.java:77)
]]>
    </error>
  </testcase> <!-- verifyAboutPage -->
</testsuite> <!-- TestCases.SauceDemoAutomationTestCases -->
