<?xml version="1.0" encoding="UTF-8"?>
<!-- Generated by org.testng.reporters.JUnitReportReporter -->
<testsuite hostname="LAPTOP-KG4G2VU7" failures="0" tests="2" name="TestCases.Trails_Class" time="17.727" errors="1" timestamp="2024-01-14T17:32:28 IST" skipped="0">
  <testcase classname="TestCases.Trails_Class" name="verifyAboutPage" time="10.613">
    <error message="element click intercepted: Element &lt;button class=&quot;MuiButtonBase-root MuiButton-root MuiButton-contained MuiButton-containedAccentGreen MuiButton-sizeMedium MuiButton-containedSizeMedium MuiButton-disableElevation MuiButton-fullWidth MuiButton-root MuiButton-contained MuiButton-containedAccentGreen MuiButton-sizeMedium MuiButton-containedSizeMedium MuiButton-disableElevation MuiButton-fullWidth css-as8hpy&quot; tabindex=&quot;0&quot; type=&quot;button&quot;&gt;...&lt;/button&gt; is not clickable at point (99, 413). Other element would receive the click: &lt;p id=&quot;onetrust-policy-text&quot;&gt;...&lt;/p&gt;
  (Session info: chrome=120.0.6099.217)
Build info: version: &#039;4.12.1&#039;, revision: &#039;8e34639b11&#039;
System info: os.name: &#039;Windows 10&#039;, os.arch: &#039;amd64&#039;, os.version: &#039;10.0&#039;, java.version: &#039;20.0.1&#039;
Driver info: org.openqa.selenium.chrome.ChromeDriver
Command: [22175dea369980097a3b0ad576f019a1, clickElement {id=24B672C298CF36701EB4745CE41D5B3C_element_64}]
Capabilities {acceptInsecureCerts: false, browserName: chrome, browserVersion: 120.0.6099.217, chrome: {chromedriverVersion: 120.0.6099.109 (3419140ab66..., userDataDir: C:\Users\aryan\AppData\Loca...}, fedcm:accounts: true, goog:chromeOptions: {debuggerAddress: localhost:53270}, networkConnectionEnabled: false, pageLoadStrategy: normal, platformName: windows, proxy: Proxy(), se:cdp: ws://localhost:53270/devtoo..., se:cdpVersion: 120.0.6099.217, setWindowRect: true, strictFileInteractability: false, timeouts: {implicit: 0, pageLoad: 300000, script: 30000}, unhandledPromptBehavior: dismiss and notify, webauthn:extension:credBlob: true, webauthn:extension:largeBlob: true, webauthn:extension:minPinLength: true, webauthn:extension:prf: true, webauthn:virtualAuthenticators: true}
Element: [[ChromeDriver: chrome on windows (22175dea369980097a3b0ad576f019a1)] -&gt; xpath: //button[@class=&#039;MuiButtonBase-root MuiButton-root MuiButton-contained MuiButton-containedAccentGreen MuiButton-sizeMedium MuiButton-containedSizeMedium MuiButton-disableElevation MuiButton-fullWidth MuiButton-root MuiButton-contained MuiButton-containedAccentGreen MuiButton-sizeMedium MuiButton-containedSizeMedium MuiButton-disableElevation MuiButton-fullWidth css-as8hpy&#039;]]
Session ID: 22175dea369980097a3b0ad576f019a1" type="org.openqa.selenium.ElementClickInterceptedException">
      <![CDATA[org.openqa.selenium.ElementClickInterceptedException: element click intercepted: Element <button class="MuiButtonBase-root MuiButton-root MuiButton-contained MuiButton-containedAccentGreen MuiButton-sizeMedium MuiButton-containedSizeMedium MuiButton-disableElevation MuiButton-fullWidth MuiButton-root MuiButton-contained MuiButton-containedAccentGreen MuiButton-sizeMedium MuiButton-containedSizeMedium MuiButton-disableElevation MuiButton-fullWidth css-as8hpy" tabindex="0" type="button">...</button> is not clickable at point (99, 413). Other element would receive the click: <p id="onetrust-policy-text">...</p>
  (Session info: chrome=120.0.6099.217)
Build info: version: '4.12.1', revision: '8e34639b11'
System info: os.name: 'Windows 10', os.arch: 'amd64', os.version: '10.0', java.version: '20.0.1'
Driver info: org.openqa.selenium.chrome.ChromeDriver
Command: [22175dea369980097a3b0ad576f019a1, clickElement {id=24B672C298CF36701EB4745CE41D5B3C_element_64}]
Capabilities {acceptInsecureCerts: false, browserName: chrome, browserVersion: 120.0.6099.217, chrome: {chromedriverVersion: 120.0.6099.109 (3419140ab66..., userDataDir: C:\Users\aryan\AppData\Loca...}, fedcm:accounts: true, goog:chromeOptions: {debuggerAddress: localhost:53270}, networkConnectionEnabled: false, pageLoadStrategy: normal, platformName: windows, proxy: Proxy(), se:cdp: ws://localhost:53270/devtoo..., se:cdpVersion: 120.0.6099.217, setWindowRect: true, strictFileInteractability: false, timeouts: {implicit: 0, pageLoad: 300000, script: 30000}, unhandledPromptBehavior: dismiss and notify, webauthn:extension:credBlob: true, webauthn:extension:largeBlob: true, webauthn:extension:minPinLength: true, webauthn:extension:prf: true, webauthn:virtualAuthenticators: true}
Element: [[ChromeDriver: chrome on windows (22175dea369980097a3b0ad576f019a1)] -> xpath: //button[@class='MuiButtonBase-root MuiButton-root MuiButton-contained MuiButton-containedAccentGreen MuiButton-sizeMedium MuiButton-containedSizeMedium MuiButton-disableElevation MuiButton-fullWidth MuiButton-root MuiButton-contained MuiButton-containedAccentGreen MuiButton-sizeMedium MuiButton-containedSizeMedium MuiButton-disableElevation MuiButton-fullWidth css-as8hpy']]
Session ID: 22175dea369980097a3b0ad576f019a1
at java.base/jdk.internal.reflect.DirectConstructorHandleAccessor.newInstance(DirectConstructorHandleAccessor.java:67)
at java.base/java.lang.reflect.Constructor.newInstanceWithCaller(Constructor.java:500)
at java.base/java.lang.reflect.Constructor.newInstance(Constructor.java:484)
at org.openqa.selenium.remote.codec.w3c.W3CHttpResponseCodec.createException(W3CHttpResponseCodec.java:200)
at org.openqa.selenium.remote.codec.w3c.W3CHttpResponseCodec.decode(W3CHttpResponseCodec.java:133)
at org.openqa.selenium.remote.codec.w3c.W3CHttpResponseCodec.decode(W3CHttpResponseCodec.java:52)
at org.openqa.selenium.remote.HttpCommandExecutor.execute(HttpCommandExecutor.java:191)
at org.openqa.selenium.remote.service.DriverCommandExecutor.invokeExecute(DriverCommandExecutor.java:196)
at org.openqa.selenium.remote.service.DriverCommandExecutor.execute(DriverCommandExecutor.java:171)
at org.openqa.selenium.remote.RemoteWebDriver.execute(RemoteWebDriver.java:602)
at org.openqa.selenium.remote.RemoteWebElement.execute(RemoteWebElement.java:224)
at org.openqa.selenium.remote.RemoteWebElement.click(RemoteWebElement.java:77)
at java.base/jdk.internal.reflect.DirectMethodHandleAccessor.invoke(DirectMethodHandleAccessor.java:104)
at java.base/java.lang.reflect.Method.invoke(Method.java:578)
at org.openqa.selenium.support.pagefactory.internal.LocatingElementHandler.invoke(LocatingElementHandler.java:51)
at jdk.proxy2/jdk.proxy2.$Proxy16.click(Unknown Source)
at PageFile.AboutPage.verifyAboutPgTryItFunctions(AboutPage.java:45)
at TestCases.Trails_Class.verifyAboutPage(Trails_Class.java:102)
at java.base/jdk.internal.reflect.DirectMethodHandleAccessor.invoke(DirectMethodHandleAccessor.java:104)
at java.base/java.lang.reflect.Method.invoke(Method.java:578)
at org.testng.internal.invokers.MethodInvocationHelper.invokeMethod(MethodInvocationHelper.java:139)
at org.testng.internal.invokers.TestInvoker.invokeMethod(TestInvoker.java:664)
at org.testng.internal.invokers.TestInvoker.invokeTestMethod(TestInvoker.java:227)
at org.testng.internal.invokers.MethodRunner.runInSequence(MethodRunner.java:50)
at org.testng.internal.invokers.TestInvoker$MethodInvocationAgent.invoke(TestInvoker.java:957)
at org.testng.internal.invokers.TestInvoker.invokeTestMethods(TestInvoker.java:200)
at org.testng.internal.invokers.TestMethodWorker.invokeTestMethods(TestMethodWorker.java:148)
at org.testng.internal.invokers.TestMethodWorker.run(TestMethodWorker.java:128)
at java.base/java.util.ArrayList.forEach(ArrayList.java:1511)
at org.testng.TestRunner.privateRun(TestRunner.java:848)
at org.testng.TestRunner.run(TestRunner.java:621)
at org.testng.SuiteRunner.runTest(SuiteRunner.java:443)
at org.testng.SuiteRunner.runSequentially(SuiteRunner.java:437)
at org.testng.SuiteRunner.privateRun(SuiteRunner.java:397)
at org.testng.SuiteRunner.run(SuiteRunner.java:336)
at org.testng.SuiteRunnerWorker.runSuite(SuiteRunnerWorker.java:52)
at org.testng.SuiteRunnerWorker.run(SuiteRunnerWorker.java:95)
at org.testng.TestNG.runSuitesSequentially(TestNG.java:1280)
at org.testng.TestNG.runSuitesLocally(TestNG.java:1200)
at org.testng.TestNG.runSuites(TestNG.java:1114)
at org.testng.TestNG.run(TestNG.java:1082)
at org.testng.remote.AbstractRemoteTestNG.run(AbstractRemoteTestNG.java:115)
at org.testng.remote.RemoteTestNG.initAndRun(RemoteTestNG.java:251)
at org.testng.remote.RemoteTestNG.main(RemoteTestNG.java:77)
]]>
    </error>
  </testcase> <!-- verifyAboutPage -->
  <testcase classname="TestCases.Trails_Class" name="verifyRequestDemoPg" time="7.114"/>
</testsuite> <!-- TestCases.Trails_Class -->
