<?xml version="1.0" encoding="UTF-8"?>
<!-- Generated by org.testng.reporters.JUnitReportReporter -->
<testsuite hostname="LAPTOP-KG4G2VU7" failures="0" tests="2" name="TestCases.AutomationTestCases_saucedemo" time="8.234" errors="0" timestamp="2024-01-11T17:28:06 IST" skipped="0">
  <testcase classname="TestCases.AutomationTestCases_saucedemo" name="VerifyLoginWithValidData" time="3.401"/>
  <testcase classname="TestCases.AutomationTestCases_saucedemo" name="VerifyLoginWithInValidData" time="4.833"/>
</testsuite> <!-- TestCases.AutomationTestCases_saucedemo -->
