<?xml version="1.0" encoding="UTF-8"?>
<!-- Generated by org.testng.reporters.JUnitReportReporter -->
<testsuite hostname="LAPTOP-KG4G2VU7" failures="0" tests="1" name="TestCases.Trails2" time="3.614" errors="0" timestamp="2024-01-15T00:19:33 IST" skipped="0">
  <testcase classname="TestCases.Trails2" name="CheckOutInformationPage" time="3.614"/>
</testsuite> <!-- TestCases.Trails2 -->
