<?xml version="1.0" encoding="UTF-8"?>
<!-- Generated by org.testng.reporters.JUnitReportReporter -->
<testsuite hostname="LAPTOP-KG4G2VU7" failures="0" tests="2" name="TestCases.AutomationTestCases_saucedemo" time="7.902" errors="0" timestamp="2024-01-11T15:59:46 IST" skipped="0">
  <testcase classname="TestCases.AutomationTestCases_saucedemo" name="VerifyLoginWithValidData" time="3.480"/>
  <testcase classname="TestCases.AutomationTestCases_saucedemo" name="VerifyLoginWithInValidData" time="4.422"/>
</testsuite> <!-- TestCases.AutomationTestCases_saucedemo -->
