<?xml version="1.0" encoding="UTF-8"?>
<!-- Generated by org.testng.reporters.JUnitReportReporter -->
<testsuite hostname="LAPTOP-KG4G2VU7" failures="0" tests="22" name="TestCases.SauceDemoAutomationTestCases" time="117.669" errors="1" timestamp="2024-01-19T13:44:28 IST" skipped="0">
  <testcase classname="TestCases.SauceDemoAutomationTestCases" name="VerifyLoginWithValidData" time="4.177"/>
  <testcase classname="TestCases.SauceDemoAutomationTestCases" name="VerifyLoginWithInValidData" time="3.205"/>
  <testcase classname="TestCases.SauceDemoAutomationTestCases" name="verifyLoginPageAcceptedUserDetails" time="3.192"/>
  <testcase classname="TestCases.SauceDemoAutomationTestCases" name="verifyLoginPagePasswordVisiblity" time="2.747"/>
  <testcase classname="TestCases.SauceDemoAutomationTestCases" name="LogoutUser" time="3.162"/>
  <testcase classname="TestCases.SauceDemoAutomationTestCases" name="Add_To_Cart" time="3.121"/>
  <testcase classname="TestCases.SauceDemoAutomationTestCases" name="removeProduct_InCartPage" time="3.765"/>
  <testcase classname="TestCases.SauceDemoAutomationTestCases" name="VerifyProductPgFooter_NavigatedTotwitter" time="8.374"/>
  <testcase classname="TestCases.SauceDemoAutomationTestCases" name="VerifyProductPgFooter_NavigatedToFacebook" time="9.365"/>
  <testcase classname="TestCases.SauceDemoAutomationTestCases" name="VerifyProductPgFooter_NavigatedToLinkedin" time="8.471"/>
  <testcase classname="TestCases.SauceDemoAutomationTestCases" name="CheckOutInformationPage" time="3.829"/>
  <testcase classname="TestCases.SauceDemoAutomationTestCases" name="placeOrder_withoutCheckoutInformation" time="3.539"/>
  <testcase classname="TestCases.SauceDemoAutomationTestCases" name="placeOrder_withFirstNameCheckoutInformation" time="3.795"/>
  <testcase classname="TestCases.SauceDemoAutomationTestCases" name="placeOrder_withOutZipCodeCheckoutInformation" time="8.227"/>
  <testcase classname="TestCases.SauceDemoAutomationTestCases" name="placeOrder_withOutLastNameCheckoutInformation" time="3.493"/>
  <testcase classname="TestCases.SauceDemoAutomationTestCases" name="productDetailsPage" time="3.464"/>
  <testcase classname="TestCases.SauceDemoAutomationTestCases" name="restAppStateFunction" time="4.454"/>
  <testcase classname="TestCases.SauceDemoAutomationTestCases" name="changeFilterName_AtoZ" time="3.381"/>
  <testcase classname="TestCases.SauceDemoAutomationTestCases" name="changeFilterName_ZtoA" time="3.713"/>
  <testcase classname="TestCases.SauceDemoAutomationTestCases" name="changeFilterPrice_LowtoHigh" time="3.796"/>
  <testcase classname="TestCases.SauceDemoAutomationTestCases" name="changeFilterPrice_HightoLow" time="3.959"/>
  <testcase classname="TestCases.SauceDemoAutomationTestCases" name="verifyAboutPage" time="22.440">
    <error message="Unable to find element with locator By.xpath: //div[@class=&#039;your-class-name&#039;]/p
For documentation on this error, please visit: https://www.selenium.dev/documentation/webdriver/troubleshooting/errors#no-such-element-exception
Build info: version: &#039;4.12.1&#039;, revision: &#039;8e34639b11&#039;
System info: os.name: &#039;Windows 10&#039;, os.arch: &#039;amd64&#039;, os.version: &#039;10.0&#039;, java.version: &#039;20.0.1&#039;
Driver info: driver.version: RemoteWebDriver" type="org.openqa.selenium.NoSuchElementException">
      <![CDATA[org.openqa.selenium.NoSuchElementException: Unable to find element with locator By.xpath: //div[@class='your-class-name']/p
For documentation on this error, please visit: https://www.selenium.dev/documentation/webdriver/troubleshooting/errors#no-such-element-exception
Build info: version: '4.12.1', revision: '8e34639b11'
System info: os.name: 'Windows 10', os.arch: 'amd64', os.version: '10.0', java.version: '20.0.1'
Driver info: driver.version: RemoteWebDriver
at org.openqa.selenium.remote.ElementLocation$ElementFinder$2.findElement(ElementLocation.java:168)
at org.openqa.selenium.remote.ElementLocation.findElement(ElementLocation.java:59)
at org.openqa.selenium.remote.RemoteWebDriver.findElement(RemoteWebDriver.java:359)
at org.openqa.selenium.remote.RemoteWebDriver.findElement(RemoteWebDriver.java:353)
at org.openqa.selenium.support.pagefactory.DefaultElementLocator.findElement(DefaultElementLocator.java:68)
at org.openqa.selenium.support.pagefactory.internal.LocatingElementHandler.invoke(LocatingElementHandler.java:38)
at jdk.proxy2/jdk.proxy2.$Proxy16.isDisplayed(Unknown Source)
at PageFile.AboutPage.verifyNavigatedToAboutPg(AboutPage.java:38)
at TestCases.SauceDemoAutomationTestCases.verifyAboutPage(SauceDemoAutomationTestCases.java:717)
at java.base/jdk.internal.reflect.DirectMethodHandleAccessor.invoke(DirectMethodHandleAccessor.java:104)
at java.base/java.lang.reflect.Method.invoke(Method.java:578)
at org.testng.internal.invokers.MethodInvocationHelper.invokeMethod(MethodInvocationHelper.java:139)
at org.testng.internal.invokers.TestInvoker.invokeMethod(TestInvoker.java:664)
at org.testng.internal.invokers.TestInvoker.invokeTestMethod(TestInvoker.java:227)
at org.testng.internal.invokers.MethodRunner.runInSequence(MethodRunner.java:50)
at org.testng.internal.invokers.TestInvoker$MethodInvocationAgent.invoke(TestInvoker.java:957)
at org.testng.internal.invokers.TestInvoker.invokeTestMethods(TestInvoker.java:200)
at org.testng.internal.invokers.TestMethodWorker.invokeTestMethods(TestMethodWorker.java:148)
at org.testng.internal.invokers.TestMethodWorker.run(TestMethodWorker.java:128)
at java.base/java.util.ArrayList.forEach(ArrayList.java:1511)
at org.testng.TestRunner.privateRun(TestRunner.java:848)
at org.testng.TestRunner.run(TestRunner.java:621)
at org.testng.SuiteRunner.runTest(SuiteRunner.java:443)
at org.testng.SuiteRunner.runSequentially(SuiteRunner.java:437)
at org.testng.SuiteRunner.privateRun(SuiteRunner.java:397)
at org.testng.SuiteRunner.run(SuiteRunner.java:336)
at org.testng.SuiteRunnerWorker.runSuite(SuiteRunnerWorker.java:52)
at org.testng.SuiteRunnerWorker.run(SuiteRunnerWorker.java:95)
at org.testng.TestNG.runSuitesSequentially(TestNG.java:1280)
at org.testng.TestNG.runSuitesLocally(TestNG.java:1200)
at org.testng.TestNG.runSuites(TestNG.java:1114)
at org.testng.TestNG.run(TestNG.java:1082)
at org.testng.remote.AbstractRemoteTestNG.run(AbstractRemoteTestNG.java:115)
at org.testng.remote.RemoteTestNG.initAndRun(RemoteTestNG.java:251)
at org.testng.remote.RemoteTestNG.main(RemoteTestNG.java:77)
]]>
    </error>
  </testcase> <!-- verifyAboutPage -->
</testsuite> <!-- TestCases.SauceDemoAutomationTestCases -->
