<?xml version="1.0" encoding="UTF-8"?>
<!-- Generated by org.testng.reporters.JUnitReportReporter -->
<testsuite hostname="LAPTOP-KG4G2VU7" failures="1" tests="22" name="TestCases.SauceDemoAutomationTestCases" time="83.744" errors="1" timestamp="2024-01-17T02:20:46 IST" skipped="0">
  <testcase classname="TestCases.SauceDemoAutomationTestCases" name="VerifyLoginWithValidData" time="2.891"/>
  <testcase classname="TestCases.SauceDemoAutomationTestCases" name="VerifyLoginWithInValidData" time="2.457"/>
  <testcase classname="TestCases.SauceDemoAutomationTestCases" name="verifyLoginPageAcceptedUserDetails" time="2.099"/>
  <testcase classname="TestCases.SauceDemoAutomationTestCases" name="verifyLoginPagePasswordVisiblity" time="3.040"/>
  <testcase classname="TestCases.SauceDemoAutomationTestCases" name="LogoutUser" time="2.638"/>
  <testcase classname="TestCases.SauceDemoAutomationTestCases" name="Add_To_Cart" time="2.667"/>
  <testcase classname="TestCases.SauceDemoAutomationTestCases" name="removeProduct_InCartPage" time="2.795"/>
  <testcase classname="TestCases.SauceDemoAutomationTestCases" name="VerifyProductPgFooter_NavigatedTotwitter" time="7.916"/>
  <testcase classname="TestCases.SauceDemoAutomationTestCases" name="VerifyProductPgFooter_NavigatedToFacebook" time="8.635"/>
  <testcase classname="TestCases.SauceDemoAutomationTestCases" name="VerifyProductPgFooter_NavigatedToLinkedin" time="7.983">
    <failure message="Actual url is equal to the expected url(https://www.linkedin.com/company/sauce-labs/) expected [https://www.linkedin.com/company/sauce-labs/] but found [https://www.linkedin.com/authwall?trk=qf&amp;original_referer=&amp;sessionRedirect=https%3A%2F%2Fwww.linkedin.com%2Fcompany%2Fsauce-labs%2F]" type="java.lang.AssertionError">
      <![CDATA[java.lang.AssertionError: Actual url is equal to the expected url(https://www.linkedin.com/company/sauce-labs/) expected [https://www.linkedin.com/company/sauce-labs/] but found [https://www.linkedin.com/authwall?trk=qf&original_referer=&sessionRedirect=https%3A%2F%2Fwww.linkedin.com%2Fcompany%2Fsauce-labs%2F]
at org.testng.Assert.fail(Assert.java:111)
at org.testng.Assert.failNotEquals(Assert.java:1578)
at org.testng.Assert.assertEqualsImpl(Assert.java:150)
at org.testng.Assert.assertEquals(Assert.java:132)
at org.testng.Assert.assertEquals(Assert.java:656)
at PageFile.ReUseableMethods.urlEquals(ReUseableMethods.java:28)
at TestCases.SauceDemoAutomationTestCases.VerifyProductPgFooter_NavigatedToLinkedin(SauceDemoAutomationTestCases.java:328)
at java.base/jdk.internal.reflect.DirectMethodHandleAccessor.invoke(DirectMethodHandleAccessor.java:104)
at java.base/java.lang.reflect.Method.invoke(Method.java:578)
at org.testng.internal.invokers.MethodInvocationHelper.invokeMethod(MethodInvocationHelper.java:139)
at org.testng.internal.invokers.TestInvoker.invokeMethod(TestInvoker.java:664)
at org.testng.internal.invokers.TestInvoker.invokeTestMethod(TestInvoker.java:227)
at org.testng.internal.invokers.MethodRunner.runInSequence(MethodRunner.java:50)
at org.testng.internal.invokers.TestInvoker$MethodInvocationAgent.invoke(TestInvoker.java:957)
at org.testng.internal.invokers.TestInvoker.invokeTestMethods(TestInvoker.java:200)
at org.testng.internal.invokers.TestMethodWorker.invokeTestMethods(TestMethodWorker.java:148)
at org.testng.internal.invokers.TestMethodWorker.run(TestMethodWorker.java:128)
at java.base/java.util.ArrayList.forEach(ArrayList.java:1511)
at org.testng.TestRunner.privateRun(TestRunner.java:848)
at org.testng.TestRunner.run(TestRunner.java:621)
at org.testng.SuiteRunner.runTest(SuiteRunner.java:443)
at org.testng.SuiteRunner.runSequentially(SuiteRunner.java:437)
at org.testng.SuiteRunner.privateRun(SuiteRunner.java:397)
at org.testng.SuiteRunner.run(SuiteRunner.java:336)
at org.testng.SuiteRunnerWorker.runSuite(SuiteRunnerWorker.java:52)
at org.testng.SuiteRunnerWorker.run(SuiteRunnerWorker.java:95)
at org.testng.TestNG.runSuitesSequentially(TestNG.java:1280)
at org.testng.TestNG.runSuitesLocally(TestNG.java:1200)
at org.testng.TestNG.runSuites(TestNG.java:1114)
at org.testng.TestNG.run(TestNG.java:1082)
at org.testng.remote.AbstractRemoteTestNG.run(AbstractRemoteTestNG.java:115)
at org.testng.remote.RemoteTestNG.initAndRun(RemoteTestNG.java:251)
at org.testng.remote.RemoteTestNG.main(RemoteTestNG.java:77)
]]>
    </failure>
  </testcase> <!-- VerifyProductPgFooter_NavigatedToLinkedin -->
  <testcase classname="TestCases.SauceDemoAutomationTestCases" name="CheckOutInformationPage" time="3.324"/>
  <testcase classname="TestCases.SauceDemoAutomationTestCases" name="placeOrder_withoutCheckoutInformation" time="4.041"/>
  <testcase classname="TestCases.SauceDemoAutomationTestCases" name="placeOrder_withFirstNameCheckoutInformation" time="3.042"/>
  <testcase classname="TestCases.SauceDemoAutomationTestCases" name="placeOrder_withOutZipCodeCheckoutInformation" time="2.900"/>
  <testcase classname="TestCases.SauceDemoAutomationTestCases" name="placeOrder_withOutLastNameCheckoutInformation" time="3.154"/>
  <testcase classname="TestCases.SauceDemoAutomationTestCases" name="productDetailsPage" time="2.732"/>
  <testcase classname="TestCases.SauceDemoAutomationTestCases" name="restAppStateFunction" time="3.147"/>
  <testcase classname="TestCases.SauceDemoAutomationTestCases" name="changeFilterName_AtoZ" time="3.100"/>
  <testcase classname="TestCases.SauceDemoAutomationTestCases" name="changeFilterName_ZtoA" time="2.999"/>
  <testcase classname="TestCases.SauceDemoAutomationTestCases" name="changeFilterPrice_LowtoHigh" time="2.834"/>
  <testcase classname="TestCases.SauceDemoAutomationTestCases" name="changeFilterPrice_HightoLow" time="2.989"/>
  <testcase classname="TestCases.SauceDemoAutomationTestCases" name="verifyAboutPage" time="6.361">
    <error message="Unresolved compilation problem: 
	The method click() is undefined for the type By
" type="java.lang.Error">
      <![CDATA[java.lang.Error: Unresolved compilation problem: 
The method click() is undefined for the type By

at PageFile.AboutPage.verifyAboutPgTryItFunctions(AboutPage.java:48)
at TestCases.SauceDemoAutomationTestCases.verifyAboutPage(SauceDemoAutomationTestCases.java:717)
at java.base/jdk.internal.reflect.DirectMethodHandleAccessor.invoke(DirectMethodHandleAccessor.java:104)
at java.base/java.lang.reflect.Method.invoke(Method.java:578)
at org.testng.internal.invokers.MethodInvocationHelper.invokeMethod(MethodInvocationHelper.java:139)
at org.testng.internal.invokers.TestInvoker.invokeMethod(TestInvoker.java:664)
at org.testng.internal.invokers.TestInvoker.invokeTestMethod(TestInvoker.java:227)
at org.testng.internal.invokers.MethodRunner.runInSequence(MethodRunner.java:50)
at org.testng.internal.invokers.TestInvoker$MethodInvocationAgent.invoke(TestInvoker.java:957)
at org.testng.internal.invokers.TestInvoker.invokeTestMethods(TestInvoker.java:200)
at org.testng.internal.invokers.TestMethodWorker.invokeTestMethods(TestMethodWorker.java:148)
at org.testng.internal.invokers.TestMethodWorker.run(TestMethodWorker.java:128)
at java.base/java.util.ArrayList.forEach(ArrayList.java:1511)
at org.testng.TestRunner.privateRun(TestRunner.java:848)
at org.testng.TestRunner.run(TestRunner.java:621)
at org.testng.SuiteRunner.runTest(SuiteRunner.java:443)
at org.testng.SuiteRunner.runSequentially(SuiteRunner.java:437)
at org.testng.SuiteRunner.privateRun(SuiteRunner.java:397)
at org.testng.SuiteRunner.run(SuiteRunner.java:336)
at org.testng.SuiteRunnerWorker.runSuite(SuiteRunnerWorker.java:52)
at org.testng.SuiteRunnerWorker.run(SuiteRunnerWorker.java:95)
at org.testng.TestNG.runSuitesSequentially(TestNG.java:1280)
at org.testng.TestNG.runSuitesLocally(TestNG.java:1200)
at org.testng.TestNG.runSuites(TestNG.java:1114)
at org.testng.TestNG.run(TestNG.java:1082)
at org.testng.remote.AbstractRemoteTestNG.run(AbstractRemoteTestNG.java:115)
at org.testng.remote.RemoteTestNG.initAndRun(RemoteTestNG.java:251)
at org.testng.remote.RemoteTestNG.main(RemoteTestNG.java:77)
]]>
    </error>
  </testcase> <!-- verifyAboutPage -->
</testsuite> <!-- TestCases.SauceDemoAutomationTestCases -->
